<?xml version="1.0" encoding="UTF-8"?>
<!-- Generated by org.testng.reporters.JUnitXMLReporter -->
<testsuite hostname="LAPTOP-3785COIL" name="SFDCv02 POM Test suite" tests="19" failures="1" timestamp="14 Oct 2020 13:56:27 GMT" time="561.507" errors="0">
  <testcase name="checkForLoginPageAppeared" time="0.981" classname="com.qa.tests.LoginTest"/>
  <testcase name="loginSfdc" time="72.153" classname="com.qa.tests.LoginTest"/>
  <testcase name="searchAccount" time="4.957" classname="com.qa.tests.HomePageTest"/>
  <testcase name="validateLogin" time="1.987" classname="com.qa.tests.AccountTest"/>
  <testcase name="createAccountUsingDataProvider" time="7.742" classname="com.qa.tests.AccountTest"/>
  <testcase name="createAccountUsingDataProvider" time="6.634" classname="com.qa.tests.AccountTest"/>
  <testcase name="createAccountUsingDataProvider" time="6.373" classname="com.qa.tests.AccountTest"/>
  <testcase name="createAccountUsingDataProvider" time="7.268" classname="com.qa.tests.AccountTest"/>
  <testcase name="createAccountUsingDataProvider" time="6.548" classname="com.qa.tests.AccountTest"/>
  <testcase name="createAccountUsingDataProvider" time="6.644" classname="com.qa.tests.AccountTest"/>
  <testcase name="createAccountUsingDataProvider" time="6.44" classname="com.qa.tests.AccountTest"/>
  <testcase name="createAccountUsingDataProvider" time="6.258" classname="com.qa.tests.AccountTest"/>
  <testcase name="createAccountUsingDataProvider" time="9.267" classname="com.qa.tests.AccountTest"/>
  <testcase name="createAccountUsingDataProvider" time="7.512" classname="com.qa.tests.AccountTest"/>
  <testcase name="createAccountUsingDataProvider" time="6.325" classname="com.qa.tests.AccountTest"/>
  <testcase name="searchAccount" time="0.257" classname="com.qa.tests.AccountTest"/>
  <testcase name="createContact" time="122.462" classname="com.qa.tests.AccountTest"/>
  <testcase name="goToContactsPage" time="0.497" classname="com.qa.tests.ContactsTest"/>
  <testcase name="searchContact" time="2.686" classname="com.qa.tests.ContactsTest">
    <failure type="java.lang.AssertionError" message="Contact Search failed">
      <![CDATA[java.lang.AssertionError: Contact Search failed
	at org.testng.Assert.fail(Assert.java:94)
	at com.qa.tests.ContactsTest.searchContact(ContactsTest.java:63)
	at sun.reflect.NativeMethodAccessorImpl.invoke0(Native Method)
	at sun.reflect.NativeMethodAccessorImpl.invoke(NativeMethodAccessorImpl.java:62)
	at sun.reflect.DelegatingMethodAccessorImpl.invoke(DelegatingMethodAccessorImpl.java:43)
	at java.lang.reflect.Method.invoke(Method.java:498)
	at org.testng.internal.MethodInvocationHelper.invokeMethod(MethodInvocationHelper.java:80)
	at org.testng.internal.Invoker.invokeMethod(Invoker.java:714)
	at org.testng.internal.Invoker.invokeTestMethod(Invoker.java:901)
	at org.testng.internal.Invoker.invokeTestMethods(Invoker.java:1231)
	at org.testng.internal.TestMethodWorker.invokeTestMethods(TestMethodWorker.java:127)
	at org.testng.internal.TestMethodWorker.run(TestMethodWorker.java:111)
	at org.testng.TestRunner.privateRun(TestRunner.java:767)
	at org.testng.TestRunner.run(TestRunner.java:617)
	at org.testng.SuiteRunner.runTest(SuiteRunner.java:334)
	at org.testng.SuiteRunner.runSequentially(SuiteRunner.java:329)
	at org.testng.SuiteRunner.privateRun(SuiteRunner.java:291)
	at org.testng.SuiteRunner.run(SuiteRunner.java:240)
	at org.testng.SuiteRunnerWorker.runSuite(SuiteRunnerWorker.java:52)
	at org.testng.SuiteRunnerWorker.run(SuiteRunnerWorker.java:86)
	at org.testng.TestNG.runSuitesSequentially(TestNG.java:1198)
	at org.testng.TestNG.runSuitesLocally(TestNG.java:1123)
	at org.testng.TestNG.run(TestNG.java:1031)
	at org.testng.remote.AbstractRemoteTestNG.run(AbstractRemoteTestNG.java:114)
	at org.testng.remote.RemoteTestNG.initAndRun(RemoteTestNG.java:251)
	at org.testng.remote.RemoteTestNG.main(RemoteTestNG.java:77)
]]>
    </failure>
  </testcase> <!-- searchContact -->
</testsuite> <!-- SFDCv02 POM Test suite -->
